<?xml version="1.0" encoding="UTF-8"?><testsuite errors="0" failures="0" name="com.bestbuy.curdTest.ProductCRUDTest" skipped="0" tests="4" time="8.78" timestamp="2023-06-04T20:17:26.818+01:00[Europe/London]"><testcase classname="com.bestbuy.curdTest.ProductCRUDTest" name="This will create a new product"/><testcase classname="com.bestbuy.curdTest.ProductCRUDTest" name="Verify if the product was created to the application"/><testcase classname="com.bestbuy.curdTest.ProductCRUDTest" name="update the product information and verify the updated product"/><testcase classname="com.bestbuy.curdTest.ProductCRUDTest" name="Delete the product and verify if the product is deleted"/></testsuite>