<?xml version="1.0" encoding="UTF-8"?><testsuite errors="0" failures="0" name="com.bestbuy.curdTest.StoreCURDTest" skipped="0" tests="4" time="8.79" timestamp="2023-06-04T20:16:45.170+01:00[Europe/London]"><testcase classname="com.bestbuy.curdTest.StoreCURDTest" name="This will create a new store"/><testcase classname="com.bestbuy.curdTest.StoreCURDTest" name="Verify if the Store was created to the store"/><testcase classname="com.bestbuy.curdTest.StoreCURDTest" name="Update the store information and verify the updated store"/><testcase classname="com.bestbuy.curdTest.StoreCURDTest" name="Delete the store and verify if the store is deleted"/></testsuite>